#
# There is insufficient memory for the Java Runtime Environment to continue.
# Native memory allocation (malloc) failed to allocate 60816 bytes for Chunk::new
# Possible reasons:
#   The system is out of physical RAM or swap space
#   The process is running with CompressedOops enabled, and the Java Heap may be blocking the growth of the native heap
# Possible solutions:
#   Reduce memory load on the system
#   Increase physical memory or swap space
#   Check if swap backing store is full
#   Decrease Java heap size (-Xmx/-Xms)
#   Decrease number of Java threads
#   Decrease Java thread stack sizes (-Xss)
#   Set larger code cache with -XX:ReservedCodeCacheSize=
#   JVM is running with Unscaled Compressed Oops mode in which the Java heap is
#     placed in the first 4GB address space. The Java Heap base address is the
#     maximum limit for the native heap growth. Please use -XX:HeapBaseMinAddress
#     to set the Java Heap base and to place the Java Heap above 4GB virtual address.
# This output file may be truncated or incomplete.
#
#  Out of Memory Error (allocation.cpp:389), pid=19820, tid=0x000000000000e520
#
# JRE version: Java(TM) SE Runtime Environment (8.0_211-b12) (build 1.8.0_211-b12)
# Java VM: Java HotSpot(TM) 64-Bit Server VM (25.211-b12 mixed mode windows-amd64 compressed oops)
# Failed to write core dump. Minidumps are not enabled by default on client versions of Windows
#

---------------  T H R E A D  ---------------

Current thread (0x000000001989d800):  JavaThread "C2 CompilerThread0" daemon [_thread_in_native, id=58656, stack(0x000000001a070000,0x000000001a170000)]

Stack: [0x000000001a070000,0x000000001a170000]
[error occurred during error reporting (printing stack bounds), id 0xc0000005]

Native frames: (J=compiled Java code, j=interpreted, Vv=VM code, C=native code)


Current CompileTask:
C2:  62257 1927       4       sun.net.www.protocol.file.Handler::parseURL (18 bytes)


---------------  P R O C E S S  ---------------

Java Threads: ( => current thread )
  0x000000001b897800 JavaThread "Exec Stream Pumper" daemon [_thread_in_native, id=49464, stack(0x000000001d680000,0x000000001d780000)]
  0x000000001a9d7000 JavaThread "Exec Stream Pumper" daemon [_thread_in_native, id=42608, stack(0x000000001d580000,0x000000001d680000)]
  0x000000001b896000 JavaThread "Exec Default Executor" daemon [_thread_in_native, id=33476, stack(0x000000001d480000,0x000000001d580000)]
  0x000000001b87f800 JavaThread "Okio Watchdog" daemon [_thread_blocked, id=10108, stack(0x000000001d080000,0x000000001d180000)]
  0x000000001b982800 JavaThread "OkHttp ConnectionPool" daemon [_thread_blocked, id=39624, stack(0x000000001cf80000,0x000000001d080000)]
  0x000000001ad81000 JavaThread "Exec Stream Pumper" daemon [_thread_in_native, id=55452, stack(0x000000001cb80000,0x000000001cc80000)]
  0x000000001ad80800 JavaThread "Exec Stream Pumper" daemon [_thread_in_native, id=14688, stack(0x000000001ca80000,0x000000001cb80000)]
  0x000000001b783800 JavaThread "Exec Default Executor" daemon [_thread_in_native, id=15428, stack(0x000000001c980000,0x000000001ca80000)]
  0x000000001a960800 JavaThread "ReaderThread" [_thread_in_native, id=58224, stack(0x000000001b2b0000,0x000000001b3b0000)]
  0x0000000019934800 JavaThread "Service Thread" daemon [_thread_blocked, id=55896, stack(0x000000001a470000,0x000000001a570000)]
  0x00000000198b9000 JavaThread "C1 CompilerThread3" daemon [_thread_blocked, id=12120, stack(0x000000001a370000,0x000000001a470000)]
  0x00000000198ad000 JavaThread "C2 CompilerThread2" daemon [_thread_blocked, id=50308, stack(0x000000001a270000,0x000000001a370000)]
  0x00000000198a4800 JavaThread "C2 CompilerThread1" daemon [_thread_in_native, id=55232, stack(0x000000001a170000,0x000000001a270000)]
=>0x000000001989d800 JavaThread "C2 CompilerThread0" daemon [_thread_in_native, id=58656, stack(0x000000001a070000,0x000000001a170000)]
  0x000000001989c800 JavaThread "Attach Listener" daemon [_thread_blocked, id=20392, stack(0x0000000019f70000,0x000000001a070000)]
  0x000000001989b000 JavaThread "Signal Dispatcher" daemon [_thread_blocked, id=18728, stack(0x0000000019e70000,0x0000000019f70000)]
  0x0000000019890800 JavaThread "Finalizer" daemon [_thread_blocked, id=45108, stack(0x0000000019c70000,0x0000000019d70000)]
  0x00000000029c9800 JavaThread "Reference Handler" daemon [_thread_blocked, id=55512, stack(0x0000000019770000,0x0000000019870000)]
  0x00000000028d3800 JavaThread "main" [_thread_in_vm, id=60004, stack(0x0000000002760000,0x0000000002860000)]

Other Threads:
  0x0000000017969800 VMThread [stack: 0x0000000019670000,0x0000000019770000] [id=49864]
  0x000000001994e000 WatcherThread [stack: 0x000000001a570000,0x000000001a670000] [id=55596]

VM state:not at safepoint (normal execution)

VM Mutex/Monitor currently owned by a thread: None

heap address: 0x0000000081800000, size: 2024 MB, Compressed Oops mode: 32-bit
Narrow klass base: 0x0000000000000000, Narrow klass shift: 3
Compressed class space size: 1073741824 Address: 0x0000000100000000

Heap:
 PSYoungGen      total 38400K, used 16175K [0x00000000d5d80000, 0x00000000d8800000, 0x0000000100000000)
  eden space 33280K, 33% used [0x00000000d5d80000,0x00000000d6850598,0x00000000d7e00000)
  from space 5120K, 99% used [0x00000000d8300000,0x00000000d87fb760,0x00000000d8800000)
  to   space 5120K, 0% used [0x00000000d7e00000,0x00000000d7e00000,0x00000000d8300000)
 ParOldGen       total 87552K, used 3579K [0x0000000081800000, 0x0000000086d80000, 0x00000000d5d80000)
  object space 87552K, 4% used [0x0000000081800000,0x0000000081b7eca0,0x0000000086d80000)
 Metaspace       used 19049K, capacity 19888K, committed 20096K, reserved 1067008K
  class space    used 2448K, capacity 2668K, committed 2688K, reserved 1048576K

Card table byte_map: [0x0000000011d90000,0x0000000012190000] byte_map_base: 0x0000000011984000

Marking Bits: (ParMarkBitMap*) 0x00000000708b5ce0
 Begin Bits: [0x0000000012c40000, 0x0000000014be0000)
 End Bits:   [0x0000000014be0000, 0x0000000016b80000)

Polling page: 0x0000000000ec0000

CodeCache: size=245760Kb used=6293Kb max_used=6293Kb free=239466Kb
 bounds [0x00000000029d0000, 0x0000000003000000, 0x00000000119d0000]
 total_blobs=2357 nmethods=1926 adapters=343
 compilation: enabled

Compilation events (10 events):
Event: 61.915 Thread 0x00000000198b9000 nmethod 1921 0x0000000002ff71d0 code [0x0000000002ff7360, 0x0000000002ff77d8]
Event: 61.915 Thread 0x00000000198b9000 1922       3       java.util.Formatter$FormatSpecifier::flags (31 bytes)
Event: 61.915 Thread 0x00000000198ad000 nmethod 1919 0x0000000002ff79d0 code [0x0000000002ff7b60, 0x0000000002ff81e8]
Event: 61.916 Thread 0x00000000198b9000 nmethod 1922 0x0000000002ff6c10 code [0x0000000002ff6d80, 0x0000000002ff7088]
Event: 61.916 Thread 0x00000000198b9000 1924   !   3       java.util.Formatter$FormatSpecifier::width (59 bytes)
Event: 61.917 Thread 0x00000000198b9000 nmethod 1924 0x0000000002ff6550 code [0x0000000002ff66e0, 0x0000000002ff6a38]
Event: 61.917 Thread 0x00000000198b9000 1925       3       java.util.Formatter$FormatSpecifier::justify (105 bytes)
Event: 61.919 Thread 0x00000000198b9000 nmethod 1925 0x0000000002ff4110 code [0x0000000002ff43c0, 0x0000000002ff5838]
Event: 62.238 Thread 0x00000000198a4800 1926       4       java.net.URLStreamHandler::parseURL (1193 bytes)
Event: 62.238 Thread 0x000000001989d800 1927       4       sun.net.www.protocol.file.Handler::parseURL (18 bytes)

GC Heap History (4 events):
Event: 1.765 GC heap before
{Heap before GC invocations=1 (full 0):
 PSYoungGen      total 38400K, used 33280K [0x00000000d5d80000, 0x00000000d8800000, 0x0000000100000000)
  eden space 33280K, 100% used [0x00000000d5d80000,0x00000000d7e00000,0x00000000d7e00000)
  from space 5120K, 0% used [0x00000000d8300000,0x00000000d8300000,0x00000000d8800000)
  to   space 5120K, 0% used [0x00000000d7e00000,0x00000000d7e00000,0x00000000d8300000)
 ParOldGen       total 87552K, used 0K [0x0000000081800000, 0x0000000086d80000, 0x00000000d5d80000)
  object space 87552K, 0% used [0x0000000081800000,0x0000000081800000,0x0000000086d80000)
 Metaspace       used 11901K, capacity 12068K, committed 12288K, reserved 1060864K
  class space    used 1443K, capacity 1506K, committed 1536K, reserved 1048576K
Event: 1.772 GC heap after
Heap after GC invocations=1 (full 0):
 PSYoungGen      total 38400K, used 5100K [0x00000000d5d80000, 0x00000000d8800000, 0x0000000100000000)
  eden space 33280K, 0% used [0x00000000d5d80000,0x00000000d5d80000,0x00000000d7e00000)
  from space 5120K, 99% used [0x00000000d7e00000,0x00000000d82fb318,0x00000000d8300000)
  to   space 5120K, 0% used [0x00000000d8300000,0x00000000d8300000,0x00000000d8800000)
 ParOldGen       total 87552K, used 694K [0x0000000081800000, 0x0000000086d80000, 0x00000000d5d80000)
  object space 87552K, 0% used [0x0000000081800000,0x00000000818ad920,0x0000000086d80000)
 Metaspace       used 11901K, capacity 12068K, committed 12288K, reserved 1060864K
  class space    used 1443K, capacity 1506K, committed 1536K, reserved 1048576K
}
Event: 3.472 GC heap before
{Heap before GC invocations=2 (full 0):
 PSYoungGen      total 38400K, used 38380K [0x00000000d5d80000, 0x00000000d8800000, 0x0000000100000000)
  eden space 33280K, 100% used [0x00000000d5d80000,0x00000000d7e00000,0x00000000d7e00000)
  from space 5120K, 99% used [0x00000000d7e00000,0x00000000d82fb318,0x00000000d8300000)
  to   space 5120K, 0% used [0x00000000d8300000,0x00000000d8300000,0x00000000d8800000)
 ParOldGen       total 87552K, used 694K [0x0000000081800000, 0x0000000086d80000, 0x00000000d5d80000)
  object space 87552K, 0% used [0x0000000081800000,0x00000000818ad920,0x0000000086d80000)
 Metaspace       used 17924K, capacity 18648K, committed 18944K, reserved 1064960K
  class space    used 2286K, capacity 2484K, committed 2560K, reserved 1048576K
Event: 3.479 GC heap after
Heap after GC invocations=2 (full 0):
 PSYoungGen      total 38400K, used 5101K [0x00000000d5d80000, 0x00000000d8800000, 0x0000000100000000)
  eden space 33280K, 0% used [0x00000000d5d80000,0x00000000d5d80000,0x00000000d7e00000)
  from space 5120K, 99% used [0x00000000d8300000,0x00000000d87fb760,0x00000000d8800000)
  to   space 5120K, 0% used [0x00000000d7e00000,0x00000000d7e00000,0x00000000d8300000)
 ParOldGen       total 87552K, used 3579K [0x0000000081800000, 0x0000000086d80000, 0x00000000d5d80000)
  object space 87552K, 4% used [0x0000000081800000,0x0000000081b7eca0,0x0000000086d80000)
 Metaspace       used 17924K, capacity 18648K, committed 18944K, reserved 1064960K
  class space    used 2286K, capacity 2484K, committed 2560K, reserved 1048576K
}

Deoptimization events (10 events):
Event: 8.380 Thread 0x00000000028d3800 Uncommon trap: reason=class_check action=maybe_recompile pc=0x0000000002f07684 method=org.openqa.selenium.json.Input.init()V @ 18
Event: 8.381 Thread 0x00000000028d3800 Uncommon trap: reason=class_check action=maybe_recompile pc=0x0000000002f07684 method=org.openqa.selenium.json.Input.init()V @ 18
Event: 8.381 Thread 0x00000000028d3800 Uncommon trap: reason=class_check action=maybe_recompile pc=0x0000000002f07684 method=org.openqa.selenium.json.Input.init()V @ 18
Event: 8.381 Thread 0x00000000028d3800 Uncommon trap: reason=class_check action=maybe_recompile pc=0x0000000002f07684 method=org.openqa.selenium.json.Input.init()V @ 18
Event: 9.520 Thread 0x00000000028d3800 Uncommon trap: reason=unstable_if action=reinterpret pc=0x0000000002cd7714 method=java.util.concurrent.ConcurrentHashMap.get(Ljava/lang/Object;)Ljava/lang/Object; @ 76
Event: 9.520 Thread 0x00000000028d3800 Uncommon trap: reason=class_check action=maybe_recompile pc=0x0000000002f0eb78 method=java.util.concurrent.ConcurrentHashMap.putVal(Ljava/lang/Object;Ljava/lang/Object;Z)Ljava/lang/Object; @ 192
Event: 9.531 Thread 0x00000000028d3800 Uncommon trap: reason=class_check action=maybe_recompile pc=0x0000000002f0eb78 method=java.util.concurrent.ConcurrentHashMap.putVal(Ljava/lang/Object;Ljava/lang/Object;Z)Ljava/lang/Object; @ 192
Event: 9.544 Thread 0x00000000028d3800 Uncommon trap: reason=class_check action=maybe_recompile pc=0x0000000002f0eb78 method=java.util.concurrent.ConcurrentHashMap.putVal(Ljava/lang/Object;Ljava/lang/Object;Z)Ljava/lang/Object; @ 192
Event: 10.093 Thread 0x00000000028d3800 Uncommon trap: reason=unstable_if action=reinterpret pc=0x0000000002f50a60 method=java.util.regex.Pattern$Slice.match(Ljava/util/regex/Matcher;ILjava/lang/CharSequence;)Z @ 54
Event: 38.098 Thread 0x00000000028d3800 Uncommon trap: reason=class_check action=maybe_recompile pc=0x0000000002f0eb78 method=java.util.concurrent.ConcurrentHashMap.putVal(Ljava/lang/Object;Ljava/lang/Object;Z)Ljava/lang/Object; @ 192

Classes redefined (0 events):
No events

Internal exceptions (10 events):
Event: 38.296 Thread 0x00000000028d3800 Exception <a 'java/net/SocketTimeoutException': Read timed out> (0x00000000d6685c30) thrown at [C:\re\workspace\8-2-build-windows-amd64-cygwin\jdk8u211\12973\hotspot\src\share\vm\prims\jni.cpp, line 736]
Event: 38.311 Thread 0x00000000028d3800 Exception <a 'java/net/SocketTimeoutException': Read timed out> (0x00000000d669ebe8) thrown at [C:\re\workspace\8-2-build-windows-amd64-cygwin\jdk8u211\12973\hotspot\src\share\vm\prims\jni.cpp, line 736]
Event: 38.340 Thread 0x00000000028d3800 Exception <a 'java/net/SocketTimeoutException': Read timed out> (0x00000000d66b1c68) thrown at [C:\re\workspace\8-2-build-windows-amd64-cygwin\jdk8u211\12973\hotspot\src\share\vm\prims\jni.cpp, line 736]
Event: 38.348 Thread 0x00000000028d3800 Exception <a 'java/net/SocketTimeoutException': Read timed out> (0x00000000d66c5af0) thrown at [C:\re\workspace\8-2-build-windows-amd64-cygwin\jdk8u211\12973\hotspot\src\share\vm\prims\jni.cpp, line 736]
Event: 52.206 Thread 0x00000000028d3800 Exception <a 'java/net/SocketTimeoutException': Read timed out> (0x00000000d66dc558) thrown at [C:\re\workspace\8-2-build-windows-amd64-cygwin\jdk8u211\12973\hotspot\src\share\vm\prims\jni.cpp, line 736]
Event: 52.346 Thread 0x00000000028d3800 Exception <a 'java/net/SocketTimeoutException': Read timed out> (0x00000000d66f03d0) thrown at [C:\re\workspace\8-2-build-windows-amd64-cygwin\jdk8u211\12973\hotspot\src\share\vm\prims\jni.cpp, line 736]
Event: 57.697 Thread 0x00000000028d3800 Exception <a 'java/net/SocketTimeoutException': Read timed out> (0x00000000d6701608) thrown at [C:\re\workspace\8-2-build-windows-amd64-cygwin\jdk8u211\12973\hotspot\src\share\vm\prims\jni.cpp, line 736]
Event: 57.714 Thread 0x00000000028d3800 Exception <a 'java/net/SocketTimeoutException': Read timed out> (0x00000000d671d038) thrown at [C:\re\workspace\8-2-build-windows-amd64-cygwin\jdk8u211\12973\hotspot\src\share\vm\prims\jni.cpp, line 736]
Event: 61.776 Thread 0x00000000028d3800 Exception <a 'java/net/SocketTimeoutException': Read timed out> (0x00000000d672e4f8) thrown at [C:\re\workspace\8-2-build-windows-amd64-cygwin\jdk8u211\12973\hotspot\src\share\vm\prims\jni.cpp, line 736]
Event: 61.809 Thread 0x00000000028d3800 Exception <a 'java/net/SocketTimeoutException': Read timed out> (0x00000000d6742360) thrown at [C:\re\workspace\8-2-build-windows-amd64-cygwin\jdk8u211\12973\hotspot\src\share\vm\prims\jni.cpp, line 736]

Events (10 events):
Event: 62.238 loading class org/testng/reporters/XMLStringBuffer
Event: 62.238 loading class org/testng/reporters/XMLStringBuffer done
Event: 62.240 loading class java/util/regex/Pattern$StartS
Event: 62.241 loading class java/util/regex/Pattern$StartS done
Event: 62.241 loading class org/testng/reporters/Buffer
Event: 62.241 loading class org/testng/reporters/Buffer done
Event: 62.242 loading class org/testng/reporters/IBuffer
Event: 62.242 loading class org/testng/reporters/IBuffer done
Event: 62.242 loading class org/testng/reporters/FileStringBuffer
Event: 62.242 loading class org/testng/reporters/FileStringBuffer done


Dynamic libraries:
0x00007ff6c5190000 - 0x00007ff6c51c7000 	C:\Program Files\Java\jre1.8.0_211\bin\javaw.exe
0x00007ffcc8f60000 - 0x00007ffcc9150000 	C:\WINDOWS\SYSTEM32\ntdll.dll
0x00007ffcc81e0000 - 0x00007ffcc8292000 	C:\WINDOWS\System32\KERNEL32.DLL
0x00007ffcc6310000 - 0x00007ffcc65b3000 	C:\WINDOWS\System32\KERNELBASE.dll
0x00007ffcc8040000 - 0x00007ffcc80e3000 	C:\WINDOWS\System32\ADVAPI32.dll
0x00007ffcc7c90000 - 0x00007ffcc7d2e000 	C:\WINDOWS\System32\msvcrt.dll
0x00007ffcc83d0000 - 0x00007ffcc8467000 	C:\WINDOWS\System32\sechost.dll
0x00007ffcc7b70000 - 0x00007ffcc7c90000 	C:\WINDOWS\System32\RPCRT4.dll
0x00007ffcc8c10000 - 0x00007ffcc8da4000 	C:\WINDOWS\System32\USER32.dll
0x00007ffcc6800000 - 0x00007ffcc6821000 	C:\WINDOWS\System32\win32u.dll
0x00007ffcc8ef0000 - 0x00007ffcc8f16000 	C:\WINDOWS\System32\GDI32.dll
0x00007ffcc6660000 - 0x00007ffcc67f4000 	C:\WINDOWS\System32\gdi32full.dll
0x00007ffcc65c0000 - 0x00007ffcc665e000 	C:\WINDOWS\System32\msvcp_win.dll
0x00007ffcc6210000 - 0x00007ffcc630a000 	C:\WINDOWS\System32\ucrtbase.dll
0x00007ffcb4cb0000 - 0x00007ffcb4f35000 	C:\WINDOWS\WinSxS\amd64_microsoft.windows.common-controls_6595b64144ccf1df_6.0.18362.418_none_e6c6b287130d565d\COMCTL32.dll
0x00007ffcc7760000 - 0x00007ffcc7a96000 	C:\WINDOWS\System32\combase.dll
0x00007ffcc5ef0000 - 0x00007ffcc5f70000 	C:\WINDOWS\System32\bcryptPrimitives.dll
0x00007ffcc84d0000 - 0x00007ffcc84fe000 	C:\WINDOWS\System32\IMM32.DLL
0x000000006fe00000 - 0x000000006fed2000 	C:\Program Files\Java\jre1.8.0_211\bin\msvcr100.dll
0x0000000070090000 - 0x0000000070935000 	C:\Program Files\Java\jre1.8.0_211\bin\server\jvm.dll
0x00007ffcc7d90000 - 0x00007ffcc7d98000 	C:\WINDOWS\System32\PSAPI.DLL
0x00007ffcbd130000 - 0x00007ffcbd13a000 	C:\WINDOWS\SYSTEM32\VERSION.dll
0x00007ffcc26a0000 - 0x00007ffcc26c4000 	C:\WINDOWS\SYSTEM32\WINMM.dll
0x00007ffcc2670000 - 0x00007ffcc269d000 	C:\WINDOWS\SYSTEM32\winmmbase.dll
0x00007ffcc6190000 - 0x00007ffcc61da000 	C:\WINDOWS\System32\cfgmgr32.dll
0x00007ffcb1700000 - 0x00007ffcb1709000 	C:\WINDOWS\SYSTEM32\WSOCK32.dll
0x00007ffcc86b0000 - 0x00007ffcc871f000 	C:\WINDOWS\System32\WS2_32.dll
0x00007ffcc0560000 - 0x00007ffcc056f000 	C:\Program Files\Java\jre1.8.0_211\bin\verify.dll
0x00007ffcb3c00000 - 0x00007ffcb3c29000 	C:\Program Files\Java\jre1.8.0_211\bin\java.dll
0x00007ffc98ab0000 - 0x00007ffc98ac6000 	C:\Program Files\Java\jre1.8.0_211\bin\zip.dll
0x00007ffcc7010000 - 0x00007ffcc76f5000 	C:\WINDOWS\System32\SHELL32.dll
0x00007ffcc82a0000 - 0x00007ffcc8349000 	C:\WINDOWS\System32\shcore.dll
0x00007ffcc6890000 - 0x00007ffcc700f000 	C:\WINDOWS\System32\windows.storage.dll
0x00007ffcc5e80000 - 0x00007ffcc5e9f000 	C:\WINDOWS\System32\profapi.dll
0x00007ffcc5ea0000 - 0x00007ffcc5eea000 	C:\WINDOWS\System32\powrprof.dll
0x00007ffcc5e30000 - 0x00007ffcc5e40000 	C:\WINDOWS\System32\UMPDC.dll
0x00007ffcc7d30000 - 0x00007ffcc7d82000 	C:\WINDOWS\System32\shlwapi.dll
0x00007ffcc5e40000 - 0x00007ffcc5e51000 	C:\WINDOWS\System32\kernel.appcore.dll
0x00007ffcc6020000 - 0x00007ffcc6037000 	C:\WINDOWS\System32\cryptsp.dll
0x00007ffc96190000 - 0x00007ffc961aa000 	C:\Program Files\Java\jre1.8.0_211\bin\net.dll
0x00007ffcb6a00000 - 0x00007ffcb6bd6000 	C:\WINDOWS\SYSTEM32\urlmon.dll
0x00007ffcb6d50000 - 0x00007ffcb6ff6000 	C:\WINDOWS\SYSTEM32\iertutil.dll
0x00007ffcc5810000 - 0x00007ffcc581c000 	C:\WINDOWS\SYSTEM32\CRYPTBASE.DLL
0x00007ffcc5640000 - 0x00007ffcc56a7000 	C:\WINDOWS\system32\mswsock.dll
0x00007ffcc5390000 - 0x00007ffcc545a000 	C:\WINDOWS\SYSTEM32\DNSAPI.dll
0x00007ffcc7da0000 - 0x00007ffcc7da8000 	C:\WINDOWS\System32\NSI.dll
0x00007ffcc5350000 - 0x00007ffcc538a000 	C:\WINDOWS\SYSTEM32\IPHLPAPI.DLL
0x00007ffcbfb40000 - 0x00007ffcbfb4a000 	C:\Windows\System32\rasadhlp.dll
0x00007ffcbb0f0000 - 0x00007ffcbb167000 	C:\WINDOWS\System32\fwpuclnt.dll
0x00007ffcc61e0000 - 0x00007ffcc6206000 	C:\WINDOWS\System32\bcrypt.dll
0x00007ffcc51b0000 - 0x00007ffcc51e3000 	C:\WINDOWS\system32\rsaenh.dll
0x00007ffcc5d50000 - 0x00007ffcc5d75000 	C:\WINDOWS\SYSTEM32\USERENV.dll
0x00007ffcbb400000 - 0x00007ffcbb416000 	C:\WINDOWS\SYSTEM32\dhcpcsvc6.DLL
0x00007ffcbc9d0000 - 0x00007ffcbc9ec000 	C:\WINDOWS\SYSTEM32\dhcpcsvc.DLL
0x00007ffc92150000 - 0x00007ffc92162000 	C:\Program Files\Java\jre1.8.0_211\bin\nio.dll
0x00007ffc8ec90000 - 0x00007ffc8ecb4000 	C:\Program Files\Java\jre1.8.0_211\bin\sunec.dll
0x00007ffcbe120000 - 0x00007ffcbe12b000 	C:\Program Files\Java\jre1.8.0_211\bin\sunmscapi.dll
0x00007ffcc6040000 - 0x00007ffcc6189000 	C:\WINDOWS\System32\CRYPT32.dll
0x00007ffcc5e60000 - 0x00007ffcc5e72000 	C:\WINDOWS\System32\MSASN1.dll
0x00007ffca5bf0000 - 0x00007ffca5c06000 	C:\WINDOWS\system32\napinsp.dll
0x00007ffca5bd0000 - 0x00007ffca5bea000 	C:\WINDOWS\system32\pnrpnsp.dll
0x00007ffca5bc0000 - 0x00007ffca5bce000 	C:\WINDOWS\System32\winrnr.dll
0x00007ffcc1c40000 - 0x00007ffcc1c5c000 	C:\WINDOWS\system32\NLAapi.dll
0x00007ffcc07b0000 - 0x00007ffcc07c5000 	C:\WINDOWS\system32\wshbth.dll

VM Arguments:
jvm_args: -ea -Dfile.encoding=Cp1252 
java_command: org.testng.remote.RemoteTestNG -serport 57768 -protocol json -d C:\Aanavi\bestJavaDeveloper\JavaLearningForAanavi\JavaPractice\inetbankingV1\test-output C:\Aanavi\bestJavaDeveloper\JavaLearningForAanavi\JavaPractice\inetbankingV1\Testng.xml
java_class_path (initial): C:\Users\Vinay\eclipse\jee-2019-06\eclipse\configuration\org.eclipse.osgi\962\0\.cp\lib\testng-remote.jar;C:\Aanavi\bestJavaDeveloper\JavaLearningForAanavi\JavaPractice\inetbankingV1\target\test-classes;C:\Aanavi\bestJavaDeveloper\JavaLearningForAanavi\JavaPractice\inetbankingV1\target\classes;C:\Users\Vinay\.m2\repository\junit\junit\3.8.1\junit-3.8.1.jar;C:\Users\Vinay\.m2\repository\org\seleniumhq\selenium\selenium-java\3.14.0\selenium-java-3.14.0.jar;C:\Users\Vinay\.m2\repository\org\seleniumhq\selenium\selenium-api\3.14.0\selenium-api-3.14.0.jar;C:\Users\Vinay\.m2\repository\org\seleniumhq\selenium\selenium-chrome-driver\3.14.0\selenium-chrome-driver-3.14.0.jar;C:\Users\Vinay\.m2\repository\org\seleniumhq\selenium\selenium-edge-driver\3.14.0\selenium-edge-driver-3.14.0.jar;C:\Users\Vinay\.m2\repository\org\seleniumhq\selenium\selenium-firefox-driver\3.14.0\selenium-firefox-driver-3.14.0.jar;C:\Users\Vinay\.m2\repository\org\seleniumhq\selenium\selenium-ie-driver\3.14.0\selenium-ie-driver-3.14.0.jar;C:\Users\Vinay\.m2\repository\org\seleniumhq\selenium\selenium-opera-driver\3.14.0\selenium-opera-driver-3.14.0.jar;C:\Users\Vinay\.m2\repository\org\seleniumhq\selenium\selenium-remote-driver\3.14.0\selenium-remote-driver-3.14.0.jar;C:\Users\Vinay\.m2\repository\org\seleniumhq\selenium\selenium-safari-driver\3.14.0\selenium-safari-driver-3.14.0.jar;C:\Users\Vinay\.m2\repository\org\seleniumhq\selenium\selenium-support\3.14.0\selenium-support-3.14.0.jar;C:\Users\Vinay\.m2\repository\net\bytebuddy\byte-buddy\1.8.15\byte-buddy-1.8.15.jar;C:\Users\Vinay\.m2\repository\org\apache\commons\commons-exec\1.3\commons-exec-1.3.jar;C:\Users\Vinay\.m2\repository\commons-codec\commons-codec\1.10\commons-codec-1.10.jar;C:\Users\Vinay\.m2\repository\commons-logging\commons-logging\1.2\commons-logging-1.2.jar;C:\Users\Vinay\.m2\repository\com\google\guava\guava\25.0-jre\guava-25.0-jre.jar;C:\Users\Vinay\.m2\repository\com\google\code\findbugs\jsr305\1.3.
Launcher Type: SUN_STANDARD

Environment Variables:
JAVA_HOME=C:\Program Files\Java\jdk1.8.0_211
PATH=C:/Program Files/Java/jre1.8.0_211/bin/server;C:/Program Files/Java/jre1.8.0_211/bin;C:/Program Files/Java/jre1.8.0_211/lib/amd64;C:\oracle\product\10.2.0\db_1\bin;C:\Program Files (x86)\Intel\iCLS Client\;C:\Program Files (x86)\Common Files\Oracle\Java\javapath;C:\Program Files\Intel\iCLS Client\;C:\WINDOWS\system32;C:\WINDOWS;C:\WINDOWS\System32\Wbem;C:\WINDOWS\System32\WindowsPowerShell\v1.0\;C:\WINDOWS\System32\OpenSSH\;C:\Program Files\Git\cmd;C:\Program Files (x86)\Intel\Intel(R) Management Engine Components\DAL;C:\Program Files\Intel\Intel(R) Management Engine Components\DAL;C:\Program Files (x86)\Intel\Intel(R) Management Engine Components\IPT;C:\Program Files\Intel\Intel(R) Management Engine Components\IPT;C:\Program Files\SourceGear\Common\DiffMerge\;C:\Program Files\Java\jdk1.8.0_211\bin;C:\Program Files\PuTTY\;C:\Program Files\dotnet\;C:\Users\Vinay\AppData\Local\Microsoft\WindowsApps;C:\Users\Vinay\AppData\Local\Programs\Fiddler;C:\Users\Vinay\AppData\Local\Microsoft\WindowsApps;C:\Users\Vinay\AppData\Local\atom\bin;C:\Users\Vinay\Desktop;
USERNAME=Vinay
OS=Windows_NT
PROCESSOR_IDENTIFIER=Intel64 Family 6 Model 142 Stepping 10, GenuineIntel



---------------  S Y S T E M  ---------------

OS: Windows 10.0 , 64 bit Build 18362 (10.0.18362.329)

CPU:total 8 (initial active 8) (4 cores per cpu, 2 threads per core) family 6 model 142 stepping 10, cmov, cx8, fxsr, mmx, sse, sse2, sse3, ssse3, sse4.1, sse4.2, popcnt, avx, avx2, aes, clmul, erms, 3dnowpref, lzcnt, ht, tsc, tscinvbit, bmi1, bmi2, adx

Memory: 4k page, physical 8286588k(253660k free), swap 33452412k(344k free)

vm_info: Java HotSpot(TM) 64-Bit Server VM (25.211-b12) for windows-amd64 JRE (1.8.0_211-b12), built on Apr  1 2019 20:53:26 by "java_re" with MS VC++ 10.0 (VS2010)

time: Tue Nov 05 21:28:50 2019
timezone: India Standard Time
elapsed time: 62 seconds (0d 0h 1m 2s)

